0 info it worked if it ends with ok
1 verbose cli [ '/home/kenta/.nodebrew/node/v6.4.0/bin/node',
1 verbose cli   '/home/kenta/.nodebrew/current/bin/npm',
1 verbose cli   'start' ]
2 info using npm@3.10.3
3 info using node@v6.4.0
4 verbose run-script [ 'prestart', 'start', 'poststart' ]
5 info lifecycle kenta@1.0.0~prestart: kenta@1.0.0
6 silly lifecycle kenta@1.0.0~prestart: no script for prestart, continuing
7 info lifecycle kenta@1.0.0~start: kenta@1.0.0
8 verbose lifecycle kenta@1.0.0~start: unsafe-perm in lifecycle true
9 verbose lifecycle kenta@1.0.0~start: PATH: /home/kenta/.nodebrew/node/v6.4.0/lib/node_modules/npm/bin/node-gyp-bin:/home/kenta/node_project/kenta/node_modules/.bin:/home/kenta/.nodebrew/node/v6.4.0/bin:/usr/local/heroku/bin:/home/kenta/.nodebrew/current/bin:/home/kenta/bin:/home/kenta/.local/bin:/usr/local/sbin:/usr/local/bin:/usr/sbin:/usr/bin:/sbin:/bin:/usr/games:/usr/local/games:/snap/bin
10 verbose lifecycle kenta@1.0.0~start: CWD: /home/kenta/node_project/kenta
11 silly lifecycle kenta@1.0.0~start: Args: [ '-c', 'node app.js' ]
12 silly lifecycle kenta@1.0.0~start: Returned: code: 1  signal: null
13 info lifecycle kenta@1.0.0~start: Failed to exec start script
14 verbose stack Error: kenta@1.0.0 start: `node app.js`
14 verbose stack Exit status 1
14 verbose stack     at EventEmitter.<anonymous> (/home/kenta/.nodebrew/node/v6.4.0/lib/node_modules/npm/lib/utils/lifecycle.js:242:16)
14 verbose stack     at emitTwo (events.js:106:13)
14 verbose stack     at EventEmitter.emit (events.js:191:7)
14 verbose stack     at ChildProcess.<anonymous> (/home/kenta/.nodebrew/node/v6.4.0/lib/node_modules/npm/lib/utils/spawn.js:40:14)
14 verbose stack     at emitTwo (events.js:106:13)
14 verbose stack     at ChildProcess.emit (events.js:191:7)
14 verbose stack     at maybeClose (internal/child_process.js:852:16)
14 verbose stack     at Process.ChildProcess._handle.onexit (internal/child_process.js:215:5)
15 verbose pkgid kenta@1.0.0
16 verbose cwd /home/kenta/node_project/kenta
17 error Linux 4.4.0-34-generic
18 error argv "/home/kenta/.nodebrew/node/v6.4.0/bin/node" "/home/kenta/.nodebrew/current/bin/npm" "start"
19 error node v6.4.0
20 error npm  v3.10.3
21 error code ELIFECYCLE
22 error kenta@1.0.0 start: `node app.js`
22 error Exit status 1
23 error Failed at the kenta@1.0.0 start script 'node app.js'.
23 error Make sure you have the latest version of node.js and npm installed.
23 error If you do, this is most likely a problem with the kenta package,
23 error not with npm itself.
23 error Tell the author that this fails on your system:
23 error     node app.js
23 error You can get information on how to open an issue for this project with:
23 error     npm bugs kenta
23 error Or if that isn't available, you can get their info via:
23 error     npm owner ls kenta
23 error There is likely additional logging output above.
24 verbose exit [ 1, true ]
